<?xml version="1.0" encoding="UTF-8"?>
<robot generator="Robot 6.1.1 (Python 3.10.12 on linux)" generated="20241112 23:48:53.259" rpa="false" schemaversion="4">
<suite id="s1" name="Tests" source="/home/mkauste/web-login/src/tests">
<suite id="s1-s1" name="Home" source="/home/mkauste/web-login/src/tests/home.robot">
<kw name="Open And Configure Browser" library="resource" type="SETUP">
<if>
<branch type="IF" condition="$BROWSER == 'chrome'">
<kw name="Evaluate" library="BuiltIn">
<var>${options}</var>
<arg>sys.modules['selenium.webdriver'].ChromeOptions()</arg>
<arg>sys</arg>
<doc>Evaluates the given expression in Python and returns the result.</doc>
<msg timestamp="20241112 23:48:53.396" level="INFO">${options} = &lt;selenium.webdriver.chrome.options.Options object at 0x762527e13dc0&gt;</msg>
<status status="PASS" starttime="20241112 23:48:53.396" endtime="20241112 23:48:53.396"/>
</kw>
<status status="PASS" starttime="20241112 23:48:53.387" endtime="20241112 23:48:53.396"/>
</branch>
<branch type="ELSE IF" condition="$BROWSER == 'firefox'">
<kw name="Evaluate" library="BuiltIn">
<var>${options}</var>
<arg>sys.modules['selenium.webdriver'].FirefoxOptions()</arg>
<arg>sys</arg>
<doc>Evaluates the given expression in Python and returns the result.</doc>
<status status="NOT RUN" starttime="20241112 23:48:53.396" endtime="20241112 23:48:53.396"/>
</kw>
<status status="NOT RUN" starttime="20241112 23:48:53.396" endtime="20241112 23:48:53.396"/>
</branch>
<status status="PASS" starttime="20241112 23:48:53.387" endtime="20241112 23:48:53.396"/>
</if>
<if>
<branch type="IF" condition="$HEADLESS == 'true'">
<kw name="Set Selenium Speed" library="SeleniumLibrary">
<arg>0</arg>
<doc>Sets the delay that is waited after each Selenium command.</doc>
<status status="NOT RUN" starttime="20241112 23:48:53.396" endtime="20241112 23:48:53.396"/>
</kw>
<kw name="Call Method" library="BuiltIn">
<arg>${options}</arg>
<arg>add_argument</arg>
<arg>--headless</arg>
<doc>Calls the named method of the given object with the provided arguments.</doc>
<status status="NOT RUN" starttime="20241112 23:48:53.397" endtime="20241112 23:48:53.397"/>
</kw>
<status status="NOT RUN" starttime="20241112 23:48:53.396" endtime="20241112 23:48:53.397"/>
</branch>
<branch type="ELSE">
<kw name="Set Selenium Speed" library="SeleniumLibrary">
<arg>${DELAY}</arg>
<doc>Sets the delay that is waited after each Selenium command.</doc>
<status status="PASS" starttime="20241112 23:48:53.397" endtime="20241112 23:48:53.397"/>
</kw>
<status status="PASS" starttime="20241112 23:48:53.397" endtime="20241112 23:48:53.397"/>
</branch>
<status status="PASS" starttime="20241112 23:48:53.396" endtime="20241112 23:48:53.397"/>
</if>
<kw name="Open Browser" library="SeleniumLibrary">
<arg>browser=${BROWSER}</arg>
<arg>options=${options}</arg>
<doc>Opens a new browser instance to the optional ``url``.</doc>
<msg timestamp="20241112 23:48:53.397" level="INFO">Opening browser 'chrome' to base url 'None'.</msg>
<status status="PASS" starttime="20241112 23:48:53.397" endtime="20241112 23:48:53.754"/>
</kw>
<status status="PASS" starttime="20241112 23:48:53.387" endtime="20241112 23:48:53.754"/>
</kw>
<test id="s1-s1-t1" name="Click Login Link" line="8">
<kw name="Reset Application And Go To Starting Page" type="SETUP">
<kw name="Reset Application" library="AppLibrary">
<status status="PASS" starttime="20241112 23:48:53.755" endtime="20241112 23:48:53.759"/>
</kw>
<kw name="Go To Starting Page" library="resource">
<kw name="Go To" library="SeleniumLibrary">
<arg>${HOME_URL}</arg>
<doc>Navigates the current browser window to the provided ``url``.</doc>
<msg timestamp="20241112 23:48:53.759" level="INFO">Opening url 'http://localhost:5001'</msg>
<status status="PASS" starttime="20241112 23:48:53.759" endtime="20241112 23:48:54.296"/>
</kw>
<status status="PASS" starttime="20241112 23:48:53.759" endtime="20241112 23:48:54.296"/>
</kw>
<status status="PASS" starttime="20241112 23:48:53.755" endtime="20241112 23:48:54.297"/>
</kw>
<kw name="Click Link" library="SeleniumLibrary">
<arg>Login</arg>
<doc>Clicks a link identified by ``locator``.</doc>
<msg timestamp="20241112 23:48:54.299" level="INFO">Clicking link 'Login'.</msg>
<status status="PASS" starttime="20241112 23:48:54.297" endtime="20241112 23:48:55.904"/>
</kw>
<kw name="Login Page Should Be Open" library="resource">
<kw name="Title Should Be" library="SeleniumLibrary">
<arg>Login</arg>
<doc>Verifies that the current page title equals ``title``.</doc>
<msg timestamp="20241112 23:48:56.416" level="INFO">Page title is 'Login'.</msg>
<status status="PASS" starttime="20241112 23:48:55.906" endtime="20241112 23:48:56.416"/>
</kw>
<status status="PASS" starttime="20241112 23:48:55.905" endtime="20241112 23:48:56.417"/>
</kw>
<status status="PASS" starttime="20241112 23:48:53.755" endtime="20241112 23:48:56.417"/>
</test>
<test id="s1-s1-t2" name="Click Register Link" line="12">
<kw name="Reset Application And Go To Starting Page" type="SETUP">
<kw name="Reset Application" library="AppLibrary">
<status status="PASS" starttime="20241112 23:48:56.420" endtime="20241112 23:48:56.426"/>
</kw>
<kw name="Go To Starting Page" library="resource">
<kw name="Go To" library="SeleniumLibrary">
<arg>${HOME_URL}</arg>
<doc>Navigates the current browser window to the provided ``url``.</doc>
<msg timestamp="20241112 23:48:56.427" level="INFO">Opening url 'http://localhost:5001'</msg>
<status status="PASS" starttime="20241112 23:48:56.426" endtime="20241112 23:48:56.958"/>
</kw>
<status status="PASS" starttime="20241112 23:48:56.426" endtime="20241112 23:48:56.958"/>
</kw>
<status status="PASS" starttime="20241112 23:48:56.420" endtime="20241112 23:48:56.958"/>
</kw>
<kw name="Click Link" library="SeleniumLibrary">
<arg>Register new user</arg>
<doc>Clicks a link identified by ``locator``.</doc>
<msg timestamp="20241112 23:48:56.960" level="INFO">Clicking link 'Register new user'.</msg>
<status status="PASS" starttime="20241112 23:48:56.959" endtime="20241112 23:48:58.540"/>
</kw>
<kw name="Register Page Should Be Open" library="resource">
<kw name="Title Should Be" library="SeleniumLibrary">
<arg>Register</arg>
<doc>Verifies that the current page title equals ``title``.</doc>
<msg timestamp="20241112 23:48:59.052" level="INFO">Page title is 'Register'.</msg>
<status status="PASS" starttime="20241112 23:48:58.542" endtime="20241112 23:48:59.053"/>
</kw>
<status status="PASS" starttime="20241112 23:48:58.541" endtime="20241112 23:48:59.053"/>
</kw>
<status status="PASS" starttime="20241112 23:48:56.419" endtime="20241112 23:48:59.053"/>
</test>
<kw name="Close Browser" library="SeleniumLibrary" type="TEARDOWN">
<doc>Closes the current browser.</doc>
<status status="PASS" starttime="20241112 23:48:59.055" endtime="20241112 23:48:59.617"/>
</kw>
<status status="PASS" starttime="20241112 23:48:53.269" endtime="20241112 23:48:59.617"/>
</suite>
<suite id="s1-s2" name="Login" source="/home/mkauste/web-login/src/tests/login.robot">
<kw name="Open And Configure Browser" library="resource" type="SETUP">
<if>
<branch type="IF" condition="$BROWSER == 'chrome'">
<kw name="Evaluate" library="BuiltIn">
<var>${options}</var>
<arg>sys.modules['selenium.webdriver'].ChromeOptions()</arg>
<arg>sys</arg>
<doc>Evaluates the given expression in Python and returns the result.</doc>
<msg timestamp="20241112 23:48:59.626" level="INFO">${options} = &lt;selenium.webdriver.chrome.options.Options object at 0x7625276a6d10&gt;</msg>
<status status="PASS" starttime="20241112 23:48:59.626" endtime="20241112 23:48:59.626"/>
</kw>
<status status="PASS" starttime="20241112 23:48:59.626" endtime="20241112 23:48:59.626"/>
</branch>
<branch type="ELSE IF" condition="$BROWSER == 'firefox'">
<kw name="Evaluate" library="BuiltIn">
<var>${options}</var>
<arg>sys.modules['selenium.webdriver'].FirefoxOptions()</arg>
<arg>sys</arg>
<doc>Evaluates the given expression in Python and returns the result.</doc>
<status status="NOT RUN" starttime="20241112 23:48:59.626" endtime="20241112 23:48:59.626"/>
</kw>
<status status="NOT RUN" starttime="20241112 23:48:59.626" endtime="20241112 23:48:59.626"/>
</branch>
<status status="PASS" starttime="20241112 23:48:59.626" endtime="20241112 23:48:59.627"/>
</if>
<if>
<branch type="IF" condition="$HEADLESS == 'true'">
<kw name="Set Selenium Speed" library="SeleniumLibrary">
<arg>0</arg>
<doc>Sets the delay that is waited after each Selenium command.</doc>
<status status="NOT RUN" starttime="20241112 23:48:59.627" endtime="20241112 23:48:59.627"/>
</kw>
<kw name="Call Method" library="BuiltIn">
<arg>${options}</arg>
<arg>add_argument</arg>
<arg>--headless</arg>
<doc>Calls the named method of the given object with the provided arguments.</doc>
<status status="NOT RUN" starttime="20241112 23:48:59.627" endtime="20241112 23:48:59.627"/>
</kw>
<status status="NOT RUN" starttime="20241112 23:48:59.627" endtime="20241112 23:48:59.627"/>
</branch>
<branch type="ELSE">
<kw name="Set Selenium Speed" library="SeleniumLibrary">
<arg>${DELAY}</arg>
<doc>Sets the delay that is waited after each Selenium command.</doc>
<status status="PASS" starttime="20241112 23:48:59.627" endtime="20241112 23:48:59.627"/>
</kw>
<status status="PASS" starttime="20241112 23:48:59.627" endtime="20241112 23:48:59.627"/>
</branch>
<status status="PASS" starttime="20241112 23:48:59.627" endtime="20241112 23:48:59.627"/>
</if>
<kw name="Open Browser" library="SeleniumLibrary">
<arg>browser=${BROWSER}</arg>
<arg>options=${options}</arg>
<doc>Opens a new browser instance to the optional ``url``.</doc>
<msg timestamp="20241112 23:48:59.628" level="INFO">Opening browser 'chrome' to base url 'None'.</msg>
<status status="PASS" starttime="20241112 23:48:59.628" endtime="20241112 23:48:59.992"/>
</kw>
<status status="PASS" starttime="20241112 23:48:59.625" endtime="20241112 23:48:59.992"/>
</kw>
<test id="s1-s2-t1" name="Login With Correct Credentials" line="8">
<kw name="Reset Application Create User And Go To Login Page" type="SETUP">
<kw name="Reset Application" library="AppLibrary">
<status status="PASS" starttime="20241112 23:48:59.993" endtime="20241112 23:48:59.996"/>
</kw>
<kw name="Create User" library="AppLibrary">
<arg>kalle</arg>
<arg>kalle123</arg>
<status status="PASS" starttime="20241112 23:48:59.996" endtime="20241112 23:49:00.000"/>
</kw>
<kw name="Go To Login Page" library="resource">
<kw name="Go To" library="SeleniumLibrary">
<arg>${LOGIN_URL}</arg>
<doc>Navigates the current browser window to the provided ``url``.</doc>
<msg timestamp="20241112 23:49:00.001" level="INFO">Opening url 'http://localhost:5001/login'</msg>
<status status="PASS" starttime="20241112 23:49:00.000" endtime="20241112 23:49:00.543"/>
</kw>
<status status="PASS" starttime="20241112 23:49:00.000" endtime="20241112 23:49:00.543"/>
</kw>
<status status="PASS" starttime="20241112 23:48:59.992" endtime="20241112 23:49:00.543"/>
</kw>
<kw name="Set Username">
<arg>kalle</arg>
<kw name="Input Text" library="SeleniumLibrary">
<arg>username</arg>
<arg>${username}</arg>
<doc>Types the given ``text`` into the text field identified by ``locator``.</doc>
<msg timestamp="20241112 23:49:00.546" level="INFO">Typing text 'kalle' into text field 'username'.</msg>
<status status="PASS" starttime="20241112 23:49:00.545" endtime="20241112 23:49:02.135"/>
</kw>
<status status="PASS" starttime="20241112 23:49:00.544" endtime="20241112 23:49:02.135"/>
</kw>
<kw name="Set Password">
<arg>kalle123</arg>
<kw name="Input Password" library="SeleniumLibrary">
<arg>password</arg>
<arg>${password}</arg>
<doc>Types the given password into the text field identified by ``locator``.</doc>
<msg timestamp="20241112 23:49:02.137" level="INFO">Typing password into text field 'password'.</msg>
<msg timestamp="20241112 23:49:03.187" level="INFO">Temporally setting log level to: NONE</msg>
<msg timestamp="20241112 23:49:03.749" level="INFO">Log level changed from NONE to INFO.</msg>
<status status="PASS" starttime="20241112 23:49:02.136" endtime="20241112 23:49:03.749"/>
</kw>
<status status="PASS" starttime="20241112 23:49:02.135" endtime="20241112 23:49:03.749"/>
</kw>
<kw name="Submit Credentials">
<kw name="Click Button" library="SeleniumLibrary">
<arg>Login</arg>
<doc>Clicks the button identified by ``locator``.</doc>
<msg timestamp="20241112 23:49:03.752" level="INFO">Clicking button 'Login'.</msg>
<status status="PASS" starttime="20241112 23:49:03.751" endtime="20241112 23:49:05.887"/>
</kw>
<status status="PASS" starttime="20241112 23:49:03.750" endtime="20241112 23:49:05.888"/>
</kw>
<kw name="Login Should Succeed">
<kw name="Main Page Should Be Open" library="resource">
<kw name="Title Should Be" library="SeleniumLibrary">
<arg>Ohtu Application main page</arg>
<doc>Verifies that the current page title equals ``title``.</doc>
<msg timestamp="20241112 23:49:06.402" level="INFO">Page title is 'Ohtu Application main page'.</msg>
<status status="PASS" starttime="20241112 23:49:05.890" endtime="20241112 23:49:06.402"/>
</kw>
<status status="PASS" starttime="20241112 23:49:05.890" endtime="20241112 23:49:06.402"/>
</kw>
<status status="PASS" starttime="20241112 23:49:05.888" endtime="20241112 23:49:06.402"/>
</kw>
<status status="PASS" starttime="20241112 23:48:59.992" endtime="20241112 23:49:06.403"/>
</test>
<test id="s1-s2-t2" name="Login With Incorrect Password" line="14">
<kw name="Reset Application Create User And Go To Login Page" type="SETUP">
<kw name="Reset Application" library="AppLibrary">
<status status="PASS" starttime="20241112 23:49:06.406" endtime="20241112 23:49:06.410"/>
</kw>
<kw name="Create User" library="AppLibrary">
<arg>kalle</arg>
<arg>kalle123</arg>
<status status="PASS" starttime="20241112 23:49:06.411" endtime="20241112 23:49:06.419"/>
</kw>
<kw name="Go To Login Page" library="resource">
<kw name="Go To" library="SeleniumLibrary">
<arg>${LOGIN_URL}</arg>
<doc>Navigates the current browser window to the provided ``url``.</doc>
<msg timestamp="20241112 23:49:06.420" level="INFO">Opening url 'http://localhost:5001/login'</msg>
<status status="PASS" starttime="20241112 23:49:06.420" endtime="20241112 23:49:06.949"/>
</kw>
<status status="PASS" starttime="20241112 23:49:06.420" endtime="20241112 23:49:06.949"/>
</kw>
<status status="PASS" starttime="20241112 23:49:06.405" endtime="20241112 23:49:06.949"/>
</kw>
<kw name="Set Username">
<arg>kalle</arg>
<kw name="Input Text" library="SeleniumLibrary">
<arg>username</arg>
<arg>${username}</arg>
<doc>Types the given ``text`` into the text field identified by ``locator``.</doc>
<msg timestamp="20241112 23:49:06.952" level="INFO">Typing text 'kalle' into text field 'username'.</msg>
<status status="PASS" starttime="20241112 23:49:06.951" endtime="20241112 23:49:08.572"/>
</kw>
<status status="PASS" starttime="20241112 23:49:06.950" endtime="20241112 23:49:08.572"/>
</kw>
<kw name="Set Password">
<arg>kalle456</arg>
<kw name="Input Password" library="SeleniumLibrary">
<arg>password</arg>
<arg>${password}</arg>
<doc>Types the given password into the text field identified by ``locator``.</doc>
<msg timestamp="20241112 23:49:08.576" level="INFO">Typing password into text field 'password'.</msg>
<msg timestamp="20241112 23:49:09.626" level="INFO">Temporally setting log level to: NONE</msg>
<msg timestamp="20241112 23:49:10.204" level="INFO">Log level changed from NONE to INFO.</msg>
<status status="PASS" starttime="20241112 23:49:08.574" endtime="20241112 23:49:10.204"/>
</kw>
<status status="PASS" starttime="20241112 23:49:08.573" endtime="20241112 23:49:10.205"/>
</kw>
<kw name="Submit Credentials">
<kw name="Click Button" library="SeleniumLibrary">
<arg>Login</arg>
<doc>Clicks the button identified by ``locator``.</doc>
<msg timestamp="20241112 23:49:10.206" level="INFO">Clicking button 'Login'.</msg>
<status status="PASS" starttime="20241112 23:49:10.205" endtime="20241112 23:49:12.304"/>
</kw>
<status status="PASS" starttime="20241112 23:49:10.205" endtime="20241112 23:49:12.305"/>
</kw>
<kw name="Login Should Fail With Message">
<arg>Invalid username or password</arg>
<kw name="Login Page Should Be Open" library="resource">
<kw name="Title Should Be" library="SeleniumLibrary">
<arg>Login</arg>
<doc>Verifies that the current page title equals ``title``.</doc>
<msg timestamp="20241112 23:49:12.816" level="INFO">Page title is 'Login'.</msg>
<status status="PASS" starttime="20241112 23:49:12.307" endtime="20241112 23:49:12.816"/>
</kw>
<status status="PASS" starttime="20241112 23:49:12.306" endtime="20241112 23:49:12.817"/>
</kw>
<kw name="Page Should Contain" library="SeleniumLibrary">
<arg>${message}</arg>
<doc>Verifies that current page contains ``text``.</doc>
<msg timestamp="20241112 23:49:13.846" level="INFO">Current page contains text 'Invalid username or password'.</msg>
<status status="PASS" starttime="20241112 23:49:12.817" endtime="20241112 23:49:13.846"/>
</kw>
<status status="PASS" starttime="20241112 23:49:12.305" endtime="20241112 23:49:13.846"/>
</kw>
<status status="PASS" starttime="20241112 23:49:06.404" endtime="20241112 23:49:13.847"/>
</test>
<test id="s1-s2-t3" name="Login With Nonexistent Username" line="20">
<kw name="Reset Application Create User And Go To Login Page" type="SETUP">
<kw name="Reset Application" library="AppLibrary">
<status status="PASS" starttime="20241112 23:49:13.850" endtime="20241112 23:49:13.854"/>
</kw>
<kw name="Create User" library="AppLibrary">
<arg>kalle</arg>
<arg>kalle123</arg>
<status status="PASS" starttime="20241112 23:49:13.854" endtime="20241112 23:49:13.858"/>
</kw>
<kw name="Go To Login Page" library="resource">
<kw name="Go To" library="SeleniumLibrary">
<arg>${LOGIN_URL}</arg>
<doc>Navigates the current browser window to the provided ``url``.</doc>
<msg timestamp="20241112 23:49:13.859" level="INFO">Opening url 'http://localhost:5001/login'</msg>
<status status="PASS" starttime="20241112 23:49:13.859" endtime="20241112 23:49:14.386"/>
</kw>
<status status="PASS" starttime="20241112 23:49:13.859" endtime="20241112 23:49:14.387"/>
</kw>
<status status="PASS" starttime="20241112 23:49:13.849" endtime="20241112 23:49:14.387"/>
</kw>
<kw name="Set Username">
<arg>ville</arg>
<kw name="Input Text" library="SeleniumLibrary">
<arg>username</arg>
<arg>${username}</arg>
<doc>Types the given ``text`` into the text field identified by ``locator``.</doc>
<msg timestamp="20241112 23:49:14.390" level="INFO">Typing text 'ville' into text field 'username'.</msg>
<status status="PASS" starttime="20241112 23:49:14.389" endtime="20241112 23:49:16.007"/>
</kw>
<status status="PASS" starttime="20241112 23:49:14.388" endtime="20241112 23:49:16.007"/>
</kw>
<kw name="Set Password">
<arg>kalle123</arg>
<kw name="Input Password" library="SeleniumLibrary">
<arg>password</arg>
<arg>${password}</arg>
<doc>Types the given password into the text field identified by ``locator``.</doc>
<msg timestamp="20241112 23:49:16.009" level="INFO">Typing password into text field 'password'.</msg>
<msg timestamp="20241112 23:49:17.055" level="INFO">Temporally setting log level to: NONE</msg>
<msg timestamp="20241112 23:49:17.608" level="INFO">Log level changed from NONE to INFO.</msg>
<status status="PASS" starttime="20241112 23:49:16.008" endtime="20241112 23:49:17.609"/>
</kw>
<status status="PASS" starttime="20241112 23:49:16.008" endtime="20241112 23:49:17.609"/>
</kw>
<kw name="Submit Credentials">
<kw name="Click Button" library="SeleniumLibrary">
<arg>Login</arg>
<doc>Clicks the button identified by ``locator``.</doc>
<msg timestamp="20241112 23:49:17.611" level="INFO">Clicking button 'Login'.</msg>
<status status="PASS" starttime="20241112 23:49:17.610" endtime="20241112 23:49:19.712"/>
</kw>
<status status="PASS" starttime="20241112 23:49:17.609" endtime="20241112 23:49:19.712"/>
</kw>
<kw name="Login Should Fail With Message">
<arg>Invalid username or password</arg>
<kw name="Login Page Should Be Open" library="resource">
<kw name="Title Should Be" library="SeleniumLibrary">
<arg>Login</arg>
<doc>Verifies that the current page title equals ``title``.</doc>
<msg timestamp="20241112 23:49:20.224" level="INFO">Page title is 'Login'.</msg>
<status status="PASS" starttime="20241112 23:49:19.714" endtime="20241112 23:49:20.224"/>
</kw>
<status status="PASS" starttime="20241112 23:49:19.714" endtime="20241112 23:49:20.224"/>
</kw>
<kw name="Page Should Contain" library="SeleniumLibrary">
<arg>${message}</arg>
<doc>Verifies that current page contains ``text``.</doc>
<msg timestamp="20241112 23:49:21.241" level="INFO">Current page contains text 'Invalid username or password'.</msg>
<status status="PASS" starttime="20241112 23:49:20.224" endtime="20241112 23:49:21.241"/>
</kw>
<status status="PASS" starttime="20241112 23:49:19.713" endtime="20241112 23:49:21.241"/>
</kw>
<status status="PASS" starttime="20241112 23:49:13.848" endtime="20241112 23:49:21.242"/>
</test>
<kw name="Close Browser" library="SeleniumLibrary" type="TEARDOWN">
<doc>Closes the current browser.</doc>
<status status="PASS" starttime="20241112 23:49:21.243" endtime="20241112 23:49:21.803"/>
</kw>
<status status="PASS" starttime="20241112 23:48:59.620" endtime="20241112 23:49:21.803"/>
</suite>
<suite id="s1-s3" name="Register" source="/home/mkauste/web-login/src/tests/register.robot">
<kw name="Open And Configure Browser" library="resource" type="SETUP">
<if>
<branch type="IF" condition="$BROWSER == 'chrome'">
<kw name="Evaluate" library="BuiltIn">
<var>${options}</var>
<arg>sys.modules['selenium.webdriver'].ChromeOptions()</arg>
<arg>sys</arg>
<doc>Evaluates the given expression in Python and returns the result.</doc>
<msg timestamp="20241112 23:49:21.813" level="INFO">${options} = &lt;selenium.webdriver.chrome.options.Options object at 0x7625275167d0&gt;</msg>
<status status="PASS" starttime="20241112 23:49:21.813" endtime="20241112 23:49:21.813"/>
</kw>
<status status="PASS" starttime="20241112 23:49:21.812" endtime="20241112 23:49:21.813"/>
</branch>
<branch type="ELSE IF" condition="$BROWSER == 'firefox'">
<kw name="Evaluate" library="BuiltIn">
<var>${options}</var>
<arg>sys.modules['selenium.webdriver'].FirefoxOptions()</arg>
<arg>sys</arg>
<doc>Evaluates the given expression in Python and returns the result.</doc>
<status status="NOT RUN" starttime="20241112 23:49:21.814" endtime="20241112 23:49:21.814"/>
</kw>
<status status="NOT RUN" starttime="20241112 23:49:21.813" endtime="20241112 23:49:21.814"/>
</branch>
<status status="PASS" starttime="20241112 23:49:21.812" endtime="20241112 23:49:21.814"/>
</if>
<if>
<branch type="IF" condition="$HEADLESS == 'true'">
<kw name="Set Selenium Speed" library="SeleniumLibrary">
<arg>0</arg>
<doc>Sets the delay that is waited after each Selenium command.</doc>
<status status="NOT RUN" starttime="20241112 23:49:21.814" endtime="20241112 23:49:21.814"/>
</kw>
<kw name="Call Method" library="BuiltIn">
<arg>${options}</arg>
<arg>add_argument</arg>
<arg>--headless</arg>
<doc>Calls the named method of the given object with the provided arguments.</doc>
<status status="NOT RUN" starttime="20241112 23:49:21.814" endtime="20241112 23:49:21.814"/>
</kw>
<status status="NOT RUN" starttime="20241112 23:49:21.814" endtime="20241112 23:49:21.814"/>
</branch>
<branch type="ELSE">
<kw name="Set Selenium Speed" library="SeleniumLibrary">
<arg>${DELAY}</arg>
<doc>Sets the delay that is waited after each Selenium command.</doc>
<status status="PASS" starttime="20241112 23:49:21.814" endtime="20241112 23:49:21.815"/>
</kw>
<status status="PASS" starttime="20241112 23:49:21.814" endtime="20241112 23:49:21.815"/>
</branch>
<status status="PASS" starttime="20241112 23:49:21.814" endtime="20241112 23:49:21.815"/>
</if>
<kw name="Open Browser" library="SeleniumLibrary">
<arg>browser=${BROWSER}</arg>
<arg>options=${options}</arg>
<doc>Opens a new browser instance to the optional ``url``.</doc>
<msg timestamp="20241112 23:49:21.816" level="INFO">Opening browser 'chrome' to base url 'None'.</msg>
<status status="PASS" starttime="20241112 23:49:21.815" endtime="20241112 23:49:22.182"/>
</kw>
<status status="PASS" starttime="20241112 23:49:21.812" endtime="20241112 23:49:22.182"/>
</kw>
<test id="s1-s3-t1" name="Register With Valid Username And Password" line="8">
<kw name="Reset Application Create User And Go To Register Page" type="SETUP">
<kw name="Reset Application" library="AppLibrary">
<status status="PASS" starttime="20241112 23:49:22.183" endtime="20241112 23:49:22.185"/>
</kw>
<kw name="Create User" library="AppLibrary">
<arg>kalle</arg>
<arg>kalle123</arg>
<status status="PASS" starttime="20241112 23:49:22.185" endtime="20241112 23:49:22.191"/>
</kw>
<kw name="Go To Register Page" library="resource">
<kw name="Go To" library="SeleniumLibrary">
<arg>${REGISTER_URL}</arg>
<doc>Navigates the current browser window to the provided ``url``.</doc>
<msg timestamp="20241112 23:49:22.192" level="INFO">Opening url 'http://localhost:5001/register'</msg>
<status status="PASS" starttime="20241112 23:49:22.191" endtime="20241112 23:49:22.733"/>
</kw>
<status status="PASS" starttime="20241112 23:49:22.191" endtime="20241112 23:49:22.733"/>
</kw>
<status status="PASS" starttime="20241112 23:49:22.183" endtime="20241112 23:49:22.733"/>
</kw>
<kw name="Set Username">
<arg>ville</arg>
<kw name="Input Text" library="SeleniumLibrary">
<arg>username</arg>
<arg>${username}</arg>
<doc>Types the given ``text`` into the text field identified by ``locator``.</doc>
<msg timestamp="20241112 23:49:22.736" level="INFO">Typing text 'ville' into text field 'username'.</msg>
<status status="PASS" starttime="20241112 23:49:22.735" endtime="20241112 23:49:24.364"/>
</kw>
<status status="PASS" starttime="20241112 23:49:22.734" endtime="20241112 23:49:24.364"/>
</kw>
<kw name="Set Password">
<arg>ville12345</arg>
<kw name="Input Password" library="SeleniumLibrary">
<arg>password</arg>
<arg>${password}</arg>
<doc>Types the given password into the text field identified by ``locator``.</doc>
<msg timestamp="20241112 23:49:24.367" level="INFO">Typing password into text field 'password'.</msg>
<msg timestamp="20241112 23:49:25.421" level="INFO">Temporally setting log level to: NONE</msg>
<msg timestamp="20241112 23:49:25.996" level="INFO">Log level changed from NONE to INFO.</msg>
<status status="PASS" starttime="20241112 23:49:24.366" endtime="20241112 23:49:25.996"/>
</kw>
<status status="PASS" starttime="20241112 23:49:24.365" endtime="20241112 23:49:25.996"/>
</kw>
<kw name="Set Password Confirmation">
<arg>ville12345</arg>
<kw name="Input Password" library="SeleniumLibrary">
<arg>password_confirmation</arg>
<arg>${password_confirmation}</arg>
<doc>Types the given password into the text field identified by ``locator``.</doc>
<msg timestamp="20241112 23:49:25.999" level="INFO">Typing password into text field 'password_confirmation'.</msg>
<msg timestamp="20241112 23:49:27.055" level="INFO">Temporally setting log level to: NONE</msg>
<msg timestamp="20241112 23:49:27.627" level="INFO">Log level changed from NONE to INFO.</msg>
<status status="PASS" starttime="20241112 23:49:25.998" endtime="20241112 23:49:27.627"/>
</kw>
<status status="PASS" starttime="20241112 23:49:25.997" endtime="20241112 23:49:27.628"/>
</kw>
<kw name="Submit Credentials">
<kw name="Click Button" library="SeleniumLibrary">
<arg>Register</arg>
<doc>Clicks the button identified by ``locator``.</doc>
<msg timestamp="20241112 23:49:27.630" level="INFO">Clicking button 'Register'.</msg>
<status status="PASS" starttime="20241112 23:49:27.629" endtime="20241112 23:49:29.747"/>
</kw>
<status status="PASS" starttime="20241112 23:49:27.628" endtime="20241112 23:49:29.748"/>
</kw>
<status status="PASS" starttime="20241112 23:49:22.182" endtime="20241112 23:49:29.749"/>
</test>
<test id="s1-s3-t2" name="Register With Too Short Username And Valid Password" line="14">
<kw name="Reset Application Create User And Go To Register Page" type="SETUP">
<kw name="Reset Application" library="AppLibrary">
<status status="PASS" starttime="20241112 23:49:29.752" endtime="20241112 23:49:29.754"/>
</kw>
<kw name="Create User" library="AppLibrary">
<arg>kalle</arg>
<arg>kalle123</arg>
<status status="PASS" starttime="20241112 23:49:29.755" endtime="20241112 23:49:29.764"/>
</kw>
<kw name="Go To Register Page" library="resource">
<kw name="Go To" library="SeleniumLibrary">
<arg>${REGISTER_URL}</arg>
<doc>Navigates the current browser window to the provided ``url``.</doc>
<msg timestamp="20241112 23:49:29.764" level="INFO">Opening url 'http://localhost:5001/register'</msg>
<status status="PASS" starttime="20241112 23:49:29.764" endtime="20241112 23:49:30.299"/>
</kw>
<status status="PASS" starttime="20241112 23:49:29.764" endtime="20241112 23:49:30.300"/>
</kw>
<status status="PASS" starttime="20241112 23:49:29.751" endtime="20241112 23:49:30.300"/>
</kw>
<kw name="Set Username">
<arg>vi</arg>
<kw name="Input Text" library="SeleniumLibrary">
<arg>username</arg>
<arg>${username}</arg>
<doc>Types the given ``text`` into the text field identified by ``locator``.</doc>
<msg timestamp="20241112 23:49:30.303" level="INFO">Typing text 'vi' into text field 'username'.</msg>
<status status="PASS" starttime="20241112 23:49:30.302" endtime="20241112 23:49:31.928"/>
</kw>
<status status="PASS" starttime="20241112 23:49:30.301" endtime="20241112 23:49:31.928"/>
</kw>
<kw name="Set Password">
<arg>ville12345</arg>
<kw name="Input Password" library="SeleniumLibrary">
<arg>password</arg>
<arg>${password}</arg>
<doc>Types the given password into the text field identified by ``locator``.</doc>
<msg timestamp="20241112 23:49:31.931" level="INFO">Typing password into text field 'password'.</msg>
<msg timestamp="20241112 23:49:32.979" level="INFO">Temporally setting log level to: NONE</msg>
<msg timestamp="20241112 23:49:33.540" level="INFO">Log level changed from NONE to INFO.</msg>
<status status="PASS" starttime="20241112 23:49:31.930" endtime="20241112 23:49:33.540"/>
</kw>
<status status="PASS" starttime="20241112 23:49:31.929" endtime="20241112 23:49:33.540"/>
</kw>
<kw name="Set Password Confirmation">
<arg>ville12345</arg>
<kw name="Input Password" library="SeleniumLibrary">
<arg>password_confirmation</arg>
<arg>${password_confirmation}</arg>
<doc>Types the given password into the text field identified by ``locator``.</doc>
<msg timestamp="20241112 23:49:33.542" level="INFO">Typing password into text field 'password_confirmation'.</msg>
<msg timestamp="20241112 23:49:34.588" level="INFO">Temporally setting log level to: NONE</msg>
<msg timestamp="20241112 23:49:35.157" level="INFO">Log level changed from NONE to INFO.</msg>
<status status="PASS" starttime="20241112 23:49:33.541" endtime="20241112 23:49:35.158"/>
</kw>
<status status="PASS" starttime="20241112 23:49:33.541" endtime="20241112 23:49:35.158"/>
</kw>
<kw name="Submit Credentials">
<kw name="Click Button" library="SeleniumLibrary">
<arg>Register</arg>
<doc>Clicks the button identified by ``locator``.</doc>
<msg timestamp="20241112 23:49:35.159" level="INFO">Clicking button 'Register'.</msg>
<status status="PASS" starttime="20241112 23:49:35.158" endtime="20241112 23:49:37.238"/>
</kw>
<status status="PASS" starttime="20241112 23:49:35.158" endtime="20241112 23:49:37.239"/>
</kw>
<status status="PASS" starttime="20241112 23:49:29.750" endtime="20241112 23:49:37.240"/>
</test>
<test id="s1-s3-t3" name="Register With Valid Username And Too Short Password" line="21">
<kw name="Reset Application Create User And Go To Register Page" type="SETUP">
<kw name="Reset Application" library="AppLibrary">
<status status="PASS" starttime="20241112 23:49:37.243" endtime="20241112 23:49:37.246"/>
</kw>
<kw name="Create User" library="AppLibrary">
<arg>kalle</arg>
<arg>kalle123</arg>
<status status="PASS" starttime="20241112 23:49:37.246" endtime="20241112 23:49:37.251"/>
</kw>
<kw name="Go To Register Page" library="resource">
<kw name="Go To" library="SeleniumLibrary">
<arg>${REGISTER_URL}</arg>
<doc>Navigates the current browser window to the provided ``url``.</doc>
<msg timestamp="20241112 23:49:37.252" level="INFO">Opening url 'http://localhost:5001/register'</msg>
<status status="PASS" starttime="20241112 23:49:37.252" endtime="20241112 23:49:37.774"/>
</kw>
<status status="PASS" starttime="20241112 23:49:37.251" endtime="20241112 23:49:37.774"/>
</kw>
<status status="PASS" starttime="20241112 23:49:37.242" endtime="20241112 23:49:37.774"/>
</kw>
<kw name="Set Username">
<arg>ville</arg>
<kw name="Input Text" library="SeleniumLibrary">
<arg>username</arg>
<arg>${username}</arg>
<doc>Types the given ``text`` into the text field identified by ``locator``.</doc>
<msg timestamp="20241112 23:49:37.775" level="INFO">Typing text 'ville' into text field 'username'.</msg>
<status status="PASS" starttime="20241112 23:49:37.774" endtime="20241112 23:49:39.379"/>
</kw>
<status status="PASS" starttime="20241112 23:49:37.774" endtime="20241112 23:49:39.379"/>
</kw>
<kw name="Set Password">
<arg>12345</arg>
<kw name="Input Password" library="SeleniumLibrary">
<arg>password</arg>
<arg>${password}</arg>
<doc>Types the given password into the text field identified by ``locator``.</doc>
<msg timestamp="20241112 23:49:39.382" level="INFO">Typing password into text field 'password'.</msg>
<msg timestamp="20241112 23:49:40.427" level="INFO">Temporally setting log level to: NONE</msg>
<msg timestamp="20241112 23:49:40.975" level="INFO">Log level changed from NONE to INFO.</msg>
<status status="PASS" starttime="20241112 23:49:39.381" endtime="20241112 23:49:40.975"/>
</kw>
<status status="PASS" starttime="20241112 23:49:39.380" endtime="20241112 23:49:40.976"/>
</kw>
<kw name="Set Password Confirmation">
<arg>12345</arg>
<kw name="Input Password" library="SeleniumLibrary">
<arg>password_confirmation</arg>
<arg>${password_confirmation}</arg>
<doc>Types the given password into the text field identified by ``locator``.</doc>
<msg timestamp="20241112 23:49:40.978" level="INFO">Typing password into text field 'password_confirmation'.</msg>
<msg timestamp="20241112 23:49:42.022" level="INFO">Temporally setting log level to: NONE</msg>
<msg timestamp="20241112 23:49:42.582" level="INFO">Log level changed from NONE to INFO.</msg>
<status status="PASS" starttime="20241112 23:49:40.977" endtime="20241112 23:49:42.582"/>
</kw>
<status status="PASS" starttime="20241112 23:49:40.976" endtime="20241112 23:49:42.583"/>
</kw>
<kw name="Submit Credentials">
<kw name="Click Button" library="SeleniumLibrary">
<arg>Register</arg>
<doc>Clicks the button identified by ``locator``.</doc>
<msg timestamp="20241112 23:49:42.585" level="INFO">Clicking button 'Register'.</msg>
<status status="PASS" starttime="20241112 23:49:42.584" endtime="20241112 23:49:44.686"/>
</kw>
<status status="PASS" starttime="20241112 23:49:42.583" endtime="20241112 23:49:44.686"/>
</kw>
<status status="PASS" starttime="20241112 23:49:37.241" endtime="20241112 23:49:44.687"/>
</test>
<test id="s1-s3-t4" name="Register With Valid Username And Invalid Password" line="28">
<kw name="Reset Application Create User And Go To Register Page" type="SETUP">
<kw name="Reset Application" library="AppLibrary">
<status status="PASS" starttime="20241112 23:49:44.690" endtime="20241112 23:49:44.692"/>
</kw>
<kw name="Create User" library="AppLibrary">
<arg>kalle</arg>
<arg>kalle123</arg>
<status status="PASS" starttime="20241112 23:49:44.693" endtime="20241112 23:49:44.701"/>
</kw>
<kw name="Go To Register Page" library="resource">
<kw name="Go To" library="SeleniumLibrary">
<arg>${REGISTER_URL}</arg>
<doc>Navigates the current browser window to the provided ``url``.</doc>
<msg timestamp="20241112 23:49:44.702" level="INFO">Opening url 'http://localhost:5001/register'</msg>
<status status="PASS" starttime="20241112 23:49:44.701" endtime="20241112 23:49:45.224"/>
</kw>
<status status="PASS" starttime="20241112 23:49:44.701" endtime="20241112 23:49:45.224"/>
</kw>
<status status="PASS" starttime="20241112 23:49:44.689" endtime="20241112 23:49:45.224"/>
</kw>
<kw name="Set Username">
<arg>ville</arg>
<kw name="Input Text" library="SeleniumLibrary">
<arg>username</arg>
<arg>${username}</arg>
<doc>Types the given ``text`` into the text field identified by ``locator``.</doc>
<msg timestamp="20241112 23:49:45.227" level="INFO">Typing text 'ville' into text field 'username'.</msg>
<status status="PASS" starttime="20241112 23:49:45.226" endtime="20241112 23:49:46.833"/>
</kw>
<status status="PASS" starttime="20241112 23:49:45.225" endtime="20241112 23:49:46.833"/>
</kw>
<kw name="Set Password">
<arg>abcabcabc</arg>
<kw name="Input Password" library="SeleniumLibrary">
<arg>password</arg>
<arg>${password}</arg>
<doc>Types the given password into the text field identified by ``locator``.</doc>
<msg timestamp="20241112 23:49:46.835" level="INFO">Typing password into text field 'password'.</msg>
<msg timestamp="20241112 23:49:47.883" level="INFO">Temporally setting log level to: NONE</msg>
<msg timestamp="20241112 23:49:48.448" level="INFO">Log level changed from NONE to INFO.</msg>
<status status="PASS" starttime="20241112 23:49:46.834" endtime="20241112 23:49:48.448"/>
</kw>
<status status="PASS" starttime="20241112 23:49:46.833" endtime="20241112 23:49:48.449"/>
</kw>
<kw name="Set Password Confirmation">
<arg>abcabcabc</arg>
<kw name="Input Password" library="SeleniumLibrary">
<arg>password_confirmation</arg>
<arg>${password_confirmation}</arg>
<doc>Types the given password into the text field identified by ``locator``.</doc>
<msg timestamp="20241112 23:49:48.451" level="INFO">Typing password into text field 'password_confirmation'.</msg>
<msg timestamp="20241112 23:49:49.498" level="INFO">Temporally setting log level to: NONE</msg>
<msg timestamp="20241112 23:49:50.067" level="INFO">Log level changed from NONE to INFO.</msg>
<status status="PASS" starttime="20241112 23:49:48.450" endtime="20241112 23:49:50.067"/>
</kw>
<status status="PASS" starttime="20241112 23:49:48.449" endtime="20241112 23:49:50.067"/>
</kw>
<kw name="Submit Credentials">
<kw name="Click Button" library="SeleniumLibrary">
<arg>Register</arg>
<doc>Clicks the button identified by ``locator``.</doc>
<msg timestamp="20241112 23:49:50.070" level="INFO">Clicking button 'Register'.</msg>
<status status="PASS" starttime="20241112 23:49:50.069" endtime="20241112 23:49:52.158"/>
</kw>
<status status="PASS" starttime="20241112 23:49:50.068" endtime="20241112 23:49:52.158"/>
</kw>
<status status="PASS" starttime="20241112 23:49:44.688" endtime="20241112 23:49:52.159"/>
</test>
<test id="s1-s3-t5" name="Register With Nonmatching Password And Password Confirmation" line="35">
<kw name="Reset Application Create User And Go To Register Page" type="SETUP">
<kw name="Reset Application" library="AppLibrary">
<status status="PASS" starttime="20241112 23:49:52.162" endtime="20241112 23:49:52.167"/>
</kw>
<kw name="Create User" library="AppLibrary">
<arg>kalle</arg>
<arg>kalle123</arg>
<status status="PASS" starttime="20241112 23:49:52.167" endtime="20241112 23:49:52.175"/>
</kw>
<kw name="Go To Register Page" library="resource">
<kw name="Go To" library="SeleniumLibrary">
<arg>${REGISTER_URL}</arg>
<doc>Navigates the current browser window to the provided ``url``.</doc>
<msg timestamp="20241112 23:49:52.176" level="INFO">Opening url 'http://localhost:5001/register'</msg>
<status status="PASS" starttime="20241112 23:49:52.176" endtime="20241112 23:49:52.710"/>
</kw>
<status status="PASS" starttime="20241112 23:49:52.176" endtime="20241112 23:49:52.711"/>
</kw>
<status status="PASS" starttime="20241112 23:49:52.161" endtime="20241112 23:49:52.711"/>
</kw>
<kw name="Set Username">
<arg>ville</arg>
<kw name="Input Text" library="SeleniumLibrary">
<arg>username</arg>
<arg>${username}</arg>
<doc>Types the given ``text`` into the text field identified by ``locator``.</doc>
<msg timestamp="20241112 23:49:52.713" level="INFO">Typing text 'ville' into text field 'username'.</msg>
<status status="PASS" starttime="20241112 23:49:52.712" endtime="20241112 23:49:54.314"/>
</kw>
<status status="PASS" starttime="20241112 23:49:52.711" endtime="20241112 23:49:54.315"/>
</kw>
<kw name="Set Password">
<arg>abcabcabc</arg>
<kw name="Input Password" library="SeleniumLibrary">
<arg>password</arg>
<arg>${password}</arg>
<doc>Types the given password into the text field identified by ``locator``.</doc>
<msg timestamp="20241112 23:49:54.317" level="INFO">Typing password into text field 'password'.</msg>
<msg timestamp="20241112 23:49:55.361" level="INFO">Temporally setting log level to: NONE</msg>
<msg timestamp="20241112 23:49:55.915" level="INFO">Log level changed from NONE to INFO.</msg>
<status status="PASS" starttime="20241112 23:49:54.316" endtime="20241112 23:49:55.915"/>
</kw>
<status status="PASS" starttime="20241112 23:49:54.315" endtime="20241112 23:49:55.916"/>
</kw>
<kw name="Set Password Confirmation">
<arg>cbacbacba</arg>
<kw name="Input Password" library="SeleniumLibrary">
<arg>password_confirmation</arg>
<arg>${password_confirmation}</arg>
<doc>Types the given password into the text field identified by ``locator``.</doc>
<msg timestamp="20241112 23:49:55.919" level="INFO">Typing password into text field 'password_confirmation'.</msg>
<msg timestamp="20241112 23:49:56.965" level="INFO">Temporally setting log level to: NONE</msg>
<msg timestamp="20241112 23:49:57.529" level="INFO">Log level changed from NONE to INFO.</msg>
<status status="PASS" starttime="20241112 23:49:55.918" endtime="20241112 23:49:57.529"/>
</kw>
<status status="PASS" starttime="20241112 23:49:55.916" endtime="20241112 23:49:57.529"/>
</kw>
<kw name="Submit Credentials">
<kw name="Click Button" library="SeleniumLibrary">
<arg>Register</arg>
<doc>Clicks the button identified by ``locator``.</doc>
<msg timestamp="20241112 23:49:57.531" level="INFO">Clicking button 'Register'.</msg>
<status status="PASS" starttime="20241112 23:49:57.530" endtime="20241112 23:49:59.618"/>
</kw>
<status status="PASS" starttime="20241112 23:49:57.530" endtime="20241112 23:49:59.619"/>
</kw>
<status status="PASS" starttime="20241112 23:49:52.160" endtime="20241112 23:49:59.619"/>
</test>
<test id="s1-s3-t6" name="Register With Username That Is Already In Use" line="42">
<kw name="Reset Application Create User And Go To Register Page" type="SETUP">
<kw name="Reset Application" library="AppLibrary">
<status status="PASS" starttime="20241112 23:49:59.622" endtime="20241112 23:49:59.626"/>
</kw>
<kw name="Create User" library="AppLibrary">
<arg>kalle</arg>
<arg>kalle123</arg>
<status status="PASS" starttime="20241112 23:49:59.626" endtime="20241112 23:49:59.635"/>
</kw>
<kw name="Go To Register Page" library="resource">
<kw name="Go To" library="SeleniumLibrary">
<arg>${REGISTER_URL}</arg>
<doc>Navigates the current browser window to the provided ``url``.</doc>
<msg timestamp="20241112 23:49:59.637" level="INFO">Opening url 'http://localhost:5001/register'</msg>
<status status="PASS" starttime="20241112 23:49:59.636" endtime="20241112 23:50:00.160"/>
</kw>
<status status="PASS" starttime="20241112 23:49:59.636" endtime="20241112 23:50:00.160"/>
</kw>
<status status="PASS" starttime="20241112 23:49:59.621" endtime="20241112 23:50:00.160"/>
</kw>
<kw name="Set Username">
<arg>kalle</arg>
<kw name="Input Text" library="SeleniumLibrary">
<arg>username</arg>
<arg>${username}</arg>
<doc>Types the given ``text`` into the text field identified by ``locator``.</doc>
<msg timestamp="20241112 23:50:00.162" level="INFO">Typing text 'kalle' into text field 'username'.</msg>
<status status="PASS" starttime="20241112 23:50:00.161" endtime="20241112 23:50:01.761"/>
</kw>
<status status="PASS" starttime="20241112 23:50:00.160" endtime="20241112 23:50:01.761"/>
</kw>
<kw name="Set Password">
<arg>kalle123</arg>
<kw name="Input Password" library="SeleniumLibrary">
<arg>password</arg>
<arg>${password}</arg>
<doc>Types the given password into the text field identified by ``locator``.</doc>
<msg timestamp="20241112 23:50:01.764" level="INFO">Typing password into text field 'password'.</msg>
<msg timestamp="20241112 23:50:02.812" level="INFO">Temporally setting log level to: NONE</msg>
<msg timestamp="20241112 23:50:03.384" level="INFO">Log level changed from NONE to INFO.</msg>
<status status="PASS" starttime="20241112 23:50:01.763" endtime="20241112 23:50:03.385"/>
</kw>
<status status="PASS" starttime="20241112 23:50:01.762" endtime="20241112 23:50:03.385"/>
</kw>
<kw name="Set Password Confirmation">
<arg>kalle123</arg>
<kw name="Input Password" library="SeleniumLibrary">
<arg>password_confirmation</arg>
<arg>${password_confirmation}</arg>
<doc>Types the given password into the text field identified by ``locator``.</doc>
<msg timestamp="20241112 23:50:03.388" level="INFO">Typing password into text field 'password_confirmation'.</msg>
<msg timestamp="20241112 23:50:04.438" level="INFO">Temporally setting log level to: NONE</msg>
<msg timestamp="20241112 23:50:04.995" level="INFO">Log level changed from NONE to INFO.</msg>
<status status="PASS" starttime="20241112 23:50:03.387" endtime="20241112 23:50:04.995"/>
</kw>
<status status="PASS" starttime="20241112 23:50:03.385" endtime="20241112 23:50:04.995"/>
</kw>
<kw name="Submit Credentials">
<kw name="Click Button" library="SeleniumLibrary">
<arg>Register</arg>
<doc>Clicks the button identified by ``locator``.</doc>
<msg timestamp="20241112 23:50:04.997" level="INFO">Clicking button 'Register'.</msg>
<status status="PASS" starttime="20241112 23:50:04.996" endtime="20241112 23:50:07.083"/>
</kw>
<status status="PASS" starttime="20241112 23:50:04.996" endtime="20241112 23:50:07.084"/>
</kw>
<status status="PASS" starttime="20241112 23:49:59.620" endtime="20241112 23:50:07.084"/>
</test>
<kw name="Close Browser" library="SeleniumLibrary" type="TEARDOWN">
<doc>Closes the current browser.</doc>
<status status="PASS" starttime="20241112 23:50:07.087" endtime="20241112 23:50:07.646"/>
</kw>
<status status="PASS" starttime="20241112 23:49:21.806" endtime="20241112 23:50:07.646"/>
</suite>
<status status="PASS" starttime="20241112 23:48:53.260" endtime="20241112 23:50:07.650"/>
</suite>
<statistics>
<total>
<stat pass="11" fail="0" skip="0">All Tests</stat>
</total>
<tag>
</tag>
<suite>
<stat pass="11" fail="0" skip="0" id="s1" name="Tests">Tests</stat>
<stat pass="2" fail="0" skip="0" id="s1-s1" name="Home">Tests.Home</stat>
<stat pass="3" fail="0" skip="0" id="s1-s2" name="Login">Tests.Login</stat>
<stat pass="6" fail="0" skip="0" id="s1-s3" name="Register">Tests.Register</stat>
</suite>
</statistics>
<errors>
</errors>
</robot>
